<?xml version="1.0" encoding="UTF-8"?>
<testng-results ignored="0" total="1" passed="1" failed="0" skipped="0">
  <reporter-output>
  </reporter-output>
  <suite started-at="2023-09-16T17:55:20 IST" name="Regression" finished-at="2023-09-16T17:55:45 IST" duration-ms="25203">
    <groups>
    </groups>
    <test started-at="2023-09-16T17:55:20 IST" name="Regression1" finished-at="2023-09-16T17:55:45 IST" duration-ms="25203">
      <class name="seleniumtests.SimpleTest">
        <test-method signature="verifyTitle()[pri:0, instance:seleniumtests.SimpleTest@6973b51b]" started-at="2023-09-16T17:55:20 IST" name="verifyTitle" finished-at="2023-09-16T17:55:45 IST" duration-ms="25153" status="PASS">
          <reporter-output>
          </reporter-output>
        </test-method> <!-- verifyTitle -->
      </class> <!-- seleniumtests.SimpleTest -->
    </test> <!-- Regression1 -->
  </suite> <!-- Regression -->
</testng-results>
