<?xml version="1.0" encoding="UTF-8"?>
<testng-results ignored="0" total="1" passed="1" failed="0" skipped="0">
  <reporter-output>
  </reporter-output>
  <suite started-at="2023-09-16T17:37:20 IST" name="Default suite" finished-at="2023-09-16T17:37:33 IST" duration-ms="13062">
    <groups>
    </groups>
    <test started-at="2023-09-16T17:37:20 IST" name="Default test" finished-at="2023-09-16T17:37:33 IST" duration-ms="13062">
      <class name="seleniumtests.SimpleTest">
        <test-method signature="verifyTitle()[pri:0, instance:seleniumtests.SimpleTest@692f203f]" started-at="2023-09-16T17:37:20 IST" name="verifyTitle" finished-at="2023-09-16T17:37:33 IST" duration-ms="13023" status="PASS">
          <reporter-output>
          </reporter-output>
        </test-method> <!-- verifyTitle -->
      </class> <!-- seleniumtests.SimpleTest -->
    </test> <!-- Default test -->
  </suite> <!-- Default suite -->
</testng-results>
